{
  "0 debug pnpm:scope": {
    "selected": 1
  },
  "1 error pnpm": {
    "errno": 1,
    "code": "ELIFECYCLE",
    "pkgid": "arco-design-pro-vue@1.0.0",
    "stage": "dev",
    "script": "vite --config ./config/vite.config.dev.ts",
    "pkgname": "arco-design-pro-vue",
    "err": {
      "name": "pnpm",
      "message": "arco-design-pro-vue@1.0.0 dev: `vite --config ./config/vite.config.dev.ts`\nExit status 1",
      "code": "ELIFECYCLE",
      "stack": "pnpm: arco-design-pro-vue@1.0.0 dev: `vite --config ./config/vite.config.dev.ts`\nExit status 1\n    at EventEmitter.<anonymous> (C:\\Users\\13643\\Downloads\\node-v16.20.2-win-x64\\node-v16.20.2-win-x64\\node_cache\\node_modules\\pnpm\\dist\\pnpm.cjs:108415:20)\n    at EventEmitter.emit (node:events:513:28)\n    at ChildProcess.<anonymous> (C:\\Users\\13643\\Downloads\\node-v16.20.2-win-x64\\node-v16.20.2-win-x64\\node_cache\\node_modules\\pnpm\\dist\\pnpm.cjs:94981:18)\n    at ChildProcess.emit (node:events:513:28)\n    at maybeClose (node:internal/child_process:1100:16)\n    at Process.ChildProcess._handle.onexit (node:internal/child_process:304:5)"
    }
  },
  "2 warn pnpm:global": " Local package.json exists, but node_modules missing, did you mean to install?"
}